<?xml version="1.0" encoding="UTF-8"?>
<!-- Generated by org.testng.reporters.JUnitReportReporter -->
<testsuite hostname="LAPTOP-GTU6IJKS" failures="0" tests="1" name="TestGET" time="2.536" errors="0" timestamp="2021-10-28T13:03:32 IST" skipped="0">
  <testcase classname="TestGET" name="testGet" time="2.536"/>
  <system-out/>
</testsuite> <!-- TestGET -->
