<?xml version="1.0" encoding="UTF-8"?>
<!-- Generated by org.testng.reporters.JUnitReportReporter -->
<testsuite hostname="LAPTOP-GTU6IJKS" failures="0" tests="3" name="com.account.VerifySalesforceAccount" time="38.165" errors="0" timestamp="2021-10-28T19:27:13 IST" skipped="0">
  <testcase classname="com.account.VerifySalesforceAccount" name="getAccessToken_POST" time="3.954"/>
  <system-out/>
  <testcase classname="com.account.VerifySalesforceAccount" name="createAccount_POST" time="0.937"/>
  <system-out/>
  <testcase classname="com.account.VerifySalesforceAccount" name="loginToSalesforceAccount" time="33.274"/>
  <system-out/>
</testsuite> <!-- com.account.VerifySalesforceAccount -->
