<?xml version="1.0" encoding="UTF-8"?>
<!-- Generated by org.testng.reporters.JUnitReportReporter -->
<testsuite hostname="LAPTOP-GTU6IJKS" failures="0" tests="1" name="AccessToken_POST" time="4.164" errors="0" timestamp="2021-10-28T19:11:47 IST" skipped="0">
  <testcase classname="AccessToken_POST" name="generateAccessToken_POST" time="4.164"/>
  <system-out/>
</testsuite> <!-- AccessToken_POST -->
